<?xml version="1.0" encoding="UTF-8"?>
<testsuite name="EmailRemindersControllerTest" skipped="0" failures="0" errors="4" tests="7" assertions="4" time="2.7686271489365026">
  <testcase name="test_create" classname="EmailRemindersControllerTest" assertions="2" time="2.4620565460063517">
  </testcase>
  <testcase name="test_should_update_email_reminder" classname="EmailRemindersControllerTest" assertions="0" time="0.0008833309402689338">
    <error type="test_should_update_email_reminder" message="ActionController::UrlGenerationError: No route matches {:action=&gt;&quot;show&quot;, :controller=&gt;&quot;email_reminders&quot;, :id=&gt;nil} missing required keys: [:id]...">
Failure:
test_should_update_email_reminder(EmailRemindersControllerTest) [/Users/jaspinwa/.rvm/gems/ruby-2.3.1@rails-5.0.0.1/gems/actionpack-5.0.1/lib/action_dispatch/routing/route_set.rb:185]:
ActionController::UrlGenerationError: No route matches {:action=&gt;"show", :controller=&gt;"email_reminders", :id=&gt;nil} missing required keys: [:id]
    test/controllers/email_reminders_controller_test.rb:38:in `block in &lt;class:EmailRemindersControllerTest&gt;'
    </error>
  </testcase>
  <testcase name="test_should_get_new" classname="EmailRemindersControllerTest" assertions="1" time="0.2964444609824568">
  </testcase>
  <testcase name="test_should_show_email_reminder" classname="EmailRemindersControllerTest" assertions="0" time="0.0005042790435254574">
    <error type="test_should_show_email_reminder" message="ActionController::UrlGenerationError: No route matches {:action=&gt;&quot;show&quot;, :controller=&gt;&quot;email_reminders&quot;, :id=&gt;nil} missing required keys: [:id]...">
Failure:
test_should_show_email_reminder(EmailRemindersControllerTest) [/Users/jaspinwa/.rvm/gems/ruby-2.3.1@rails-5.0.0.1/gems/actionpack-5.0.1/lib/action_dispatch/routing/route_set.rb:185]:
ActionController::UrlGenerationError: No route matches {:action=&gt;"show", :controller=&gt;"email_reminders", :id=&gt;nil} missing required keys: [:id]
    test/controllers/email_reminders_controller_test.rb:28:in `block in &lt;class:EmailRemindersControllerTest&gt;'
    </error>
  </testcase>
  <testcase name="test_should_get_edit" classname="EmailRemindersControllerTest" assertions="0" time="0.00041215692181140184">
    <error type="test_should_get_edit" message="ActionController::UrlGenerationError: No route matches {:action=&gt;&quot;edit&quot;, :controller=&gt;&quot;email_reminders&quot;, :id=&gt;nil} missing required keys: [:id]...">
Failure:
test_should_get_edit(EmailRemindersControllerTest) [/Users/jaspinwa/.rvm/gems/ruby-2.3.1@rails-5.0.0.1/gems/actionpack-5.0.1/lib/action_dispatch/routing/route_set.rb:185]:
ActionController::UrlGenerationError: No route matches {:action=&gt;"edit", :controller=&gt;"email_reminders", :id=&gt;nil} missing required keys: [:id]
    test/controllers/email_reminders_controller_test.rb:33:in `block in &lt;class:EmailRemindersControllerTest&gt;'
    </error>
  </testcase>
  <testcase name="test_should_get_index" classname="EmailRemindersControllerTest" assertions="1" time="0.00743912102188915">
  </testcase>
  <testcase name="test_should_destroy_email_reminder" classname="EmailRemindersControllerTest" assertions="0" time="0.0008872540201991796">
    <error type="test_should_destroy_email_reminder" message="ActionController::UrlGenerationError: No route matches {:action=&gt;&quot;show&quot;, :controller=&gt;&quot;email_reminders&quot;, :id=&gt;nil} missing required keys: [:id]...">
Failure:
test_should_destroy_email_reminder(EmailRemindersControllerTest) [/Users/jaspinwa/git/notifier/test/controllers/email_reminders_controller_test.rb:43]:
ActionController::UrlGenerationError: No route matches {:action=&gt;"show", :controller=&gt;"email_reminders", :id=&gt;nil} missing required keys: [:id]
    test/controllers/email_reminders_controller_test.rb:44:in `block (2 levels) in &lt;class:EmailRemindersControllerTest&gt;'
    test/controllers/email_reminders_controller_test.rb:43:in `block in &lt;class:EmailRemindersControllerTest&gt;'
    </error>
  </testcase>
</testsuite>
