<?xml version="1.0" encoding="UTF-8"?>
<testsuite name="TodosControllerTest" skipped="0" failures="0" errors="7" tests="7" assertions="0" time="0.0050276670372113585">
  <testcase name="test_should_destroy_todo" classname="TodosControllerTest" assertions="0" time="0.0010090300347656012">
    <error type="test_should_destroy_todo" message="NoMethodError: undefined method `todos' for #&lt;TodosControllerTest:0x007fa808dd2158&gt;...">
Failure:
test_should_destroy_todo(TodosControllerTest) [/Users/jaspinwa/.rvm/gems/ruby-2.3.1@rails-5.0.0.1/gems/actionpack-5.0.1/lib/action_dispatch/testing/assertions/routing.rb:172]:
NoMethodError: undefined method `todos' for #&lt;TodosControllerTest:0x007fa808dd2158&gt;
    test/controllers/todos_controller_test.rb:5:in `block in &lt;class:TodosControllerTest&gt;'
    </error>
  </testcase>
  <testcase name="test_should_show_todo" classname="TodosControllerTest" assertions="0" time="0.000874845078215003">
    <error type="test_should_show_todo" message="NoMethodError: undefined method `todos' for #&lt;TodosControllerTest:0x007fa808df4fa0&gt;...">
Failure:
test_should_show_todo(TodosControllerTest) [/Users/jaspinwa/.rvm/gems/ruby-2.3.1@rails-5.0.0.1/gems/actionpack-5.0.1/lib/action_dispatch/testing/assertions/routing.rb:172]:
NoMethodError: undefined method `todos' for #&lt;TodosControllerTest:0x007fa808df4fa0&gt;
    test/controllers/todos_controller_test.rb:5:in `block in &lt;class:TodosControllerTest&gt;'
    </error>
  </testcase>
  <testcase name="test_should_get_index" classname="TodosControllerTest" assertions="0" time="0.0006550860125571489">
    <error type="test_should_get_index" message="NoMethodError: undefined method `todos' for #&lt;TodosControllerTest:0x007fa80a74f928&gt;...">
Failure:
test_should_get_index(TodosControllerTest) [/Users/jaspinwa/.rvm/gems/ruby-2.3.1@rails-5.0.0.1/gems/actionpack-5.0.1/lib/action_dispatch/testing/assertions/routing.rb:172]:
NoMethodError: undefined method `todos' for #&lt;TodosControllerTest:0x007fa80a74f928&gt;
    test/controllers/todos_controller_test.rb:5:in `block in &lt;class:TodosControllerTest&gt;'
    </error>
  </testcase>
  <testcase name="test_should_get_new" classname="TodosControllerTest" assertions="0" time="0.0009276869241148233">
    <error type="test_should_get_new" message="NoMethodError: undefined method `todos' for #&lt;TodosControllerTest:0x007fa810b91c88&gt;...">
Failure:
test_should_get_new(TodosControllerTest) [/Users/jaspinwa/.rvm/gems/ruby-2.3.1@rails-5.0.0.1/gems/actionpack-5.0.1/lib/action_dispatch/testing/assertions/routing.rb:172]:
NoMethodError: undefined method `todos' for #&lt;TodosControllerTest:0x007fa810b91c88&gt;
    test/controllers/todos_controller_test.rb:5:in `block in &lt;class:TodosControllerTest&gt;'
    </error>
  </testcase>
  <testcase name="test_should_get_edit" classname="TodosControllerTest" assertions="0" time="0.0005155160324648023">
    <error type="test_should_get_edit" message="NoMethodError: undefined method `todos' for #&lt;TodosControllerTest:0x007fa80ad0bbc8&gt;...">
Failure:
test_should_get_edit(TodosControllerTest) [/Users/jaspinwa/.rvm/gems/ruby-2.3.1@rails-5.0.0.1/gems/actionpack-5.0.1/lib/action_dispatch/testing/assertions/routing.rb:172]:
NoMethodError: undefined method `todos' for #&lt;TodosControllerTest:0x007fa80ad0bbc8&gt;
    test/controllers/todos_controller_test.rb:5:in `block in &lt;class:TodosControllerTest&gt;'
    </error>
  </testcase>
  <testcase name="test_should_update_todo" classname="TodosControllerTest" assertions="0" time="0.0004687289474532008">
    <error type="test_should_update_todo" message="NoMethodError: undefined method `todos' for #&lt;TodosControllerTest:0x007fa810e6e398&gt;...">
Failure:
test_should_update_todo(TodosControllerTest) [/Users/jaspinwa/.rvm/gems/ruby-2.3.1@rails-5.0.0.1/gems/actionpack-5.0.1/lib/action_dispatch/testing/assertions/routing.rb:172]:
NoMethodError: undefined method `todos' for #&lt;TodosControllerTest:0x007fa810e6e398&gt;
    test/controllers/todos_controller_test.rb:5:in `block in &lt;class:TodosControllerTest&gt;'
    </error>
  </testcase>
  <testcase name="test_should_create_todo" classname="TodosControllerTest" assertions="0" time="0.000576774007640779">
    <error type="test_should_create_todo" message="NoMethodError: undefined method `todos' for #&lt;TodosControllerTest:0x007fa8093016b0&gt;...">
Failure:
test_should_create_todo(TodosControllerTest) [/Users/jaspinwa/.rvm/gems/ruby-2.3.1@rails-5.0.0.1/gems/actionpack-5.0.1/lib/action_dispatch/testing/assertions/routing.rb:172]:
NoMethodError: undefined method `todos' for #&lt;TodosControllerTest:0x007fa8093016b0&gt;
    test/controllers/todos_controller_test.rb:5:in `block in &lt;class:TodosControllerTest&gt;'
    </error>
  </testcase>
</testsuite>
